[debug] [2025-10-07T15:02:08.817Z] ----------------------------------------------------------------------
[debug] [2025-10-07T15:02:08.819Z] Command:       /nix/store/ws50yvm6vzlzf7jzz6n7xh4szddrack1-nodejs-20.19.1/bin/node /home/user/.global_modules/bin/firebase init
[debug] [2025-10-07T15:02:08.820Z] CLI Version:   14.18.0
[debug] [2025-10-07T15:02:08.820Z] Platform:      linux
[debug] [2025-10-07T15:02:08.820Z] Node Version:  v20.19.1
[debug] [2025-10-07T15:02:08.820Z] Time:          Tue Oct 07 2025 15:02:08 GMT+0000 (Coordinated Universal Time)
[debug] [2025-10-07T15:02:08.820Z] ----------------------------------------------------------------------
[debug] 
[debug] [2025-10-07T15:02:09.183Z] Checked if tokens are valid: true, expires at: 1759851485421
[debug] [2025-10-07T15:02:09.183Z] Checked if tokens are valid: true, expires at: 1759851485421
[debug] [2025-10-07T15:02:09.186Z] >>> [apiv2][query] GET https://monospace-pa.googleapis.com/v1/workspaces/astro-butteriagit-56445859 [none]
[debug] [2025-10-07T15:02:10.255Z] <<< [apiv2][status] GET https://monospace-pa.googleapis.com/v1/workspaces/astro-butteriagit-56445859 200
[debug] [2025-10-07T15:02:10.256Z] <<< [apiv2][body] GET https://monospace-pa.googleapis.com/v1/workspaces/astro-butteriagit-56445859 {"workspaceId":"astro-butteriagit-56445859","name":"astro-butteria.git","workspaceRedirectUrl":"firebase-astro-butteriagit-1759771204590.cluster-edb2jv34dnhjisxuq5m7l37ccy.cloudworkstations.dev","status":"WORKSPACE_STATUS_RUNNING","lastAccessDatetime":"2025-10-07T14:55:34.631618Z","workspaceTemplate":"WORKSPACE_TEMPLATE_BLANK_WEB","owner":"SELF","serviceAccountEmail":"msp-9059296919495039943@monospace-per-ws-sa-9.iam.gserviceaccount.com","gitRepoUrl":"https://github.com/felixsu/astro-butteria.git","enableNix":true,"ownerEmail":"felix.soewito@gmail.com","workstationAccessToken":"eyJhbGciOiJSUzI1NiIsInR5cCI6IkpXVCJ9.eyJpc3MiOiJodHRwczovL2Nsb3VkLmdvb2dsZS5jb20vd29ya3N0YXRpb25zIiwiYXVkIjoiZmlyZWJhc2UtYXN0cm8tYnV0dGVyaWFnaXQtMTc1OTc3MTIwNDU5MC5jbHVzdGVyLWVkYjJqdjM0ZG5oamlzeHVxNW03bDM3Y2N5LmNsb3Vkd29ya3N0YXRpb25zLmRldiIsImlhdCI6MTc1OTg0OTMzMCwiZXhwIjoxNzU5OTM1NzMwfQ.5eMjgZlSs3_lH63PjEN7ae2hziT3gMdwfRDxvEnF9SDPcsgRR4NqQeAPv_fXzvYXMmjqw_3iGSlYHqBUZ6l1x_OL6df8IXjy__vcN3APKA3bnb6S4P73zDQvvgZvzi3fWjJeMke-X_KFZ5pFLwgXMXvZlx-guc6oB6L-ui4qwFcJGzyiplnCNJPfUWFpNfJ5iTXnMZ9RQjKHUX0EWABGi-8yDDFJA6GGyM-3adiYwnaEiM50uTCEYJgBdjIk-p8EHGFDjK82_9bBz7WpJDXy7fH4OQEsu02VbvzxSzCQiqhxr-WoetOGj8fnyK96ii-FXhGue6W3k4xU4JOm2jU9Ew","firebaseProjectId":"gen-lang-client-0715602475"}
[debug] [2025-10-07T15:02:10.256Z] > command requires scopes: ["email","openid","https://www.googleapis.com/auth/cloudplatformprojects.readonly","https://www.googleapis.com/auth/firebase","https://www.googleapis.com/auth/cloud-platform","https://www.googleapis.com/auth/userinfo.email"]
[debug] [2025-10-07T15:02:10.257Z] > authorizing via signed-in user (felix.soewito@gmail.com)
[info] 
     ######## #### ########  ######## ########     ###     ######  ########
     ##        ##  ##     ## ##       ##     ##  ##   ##  ##       ##
     ######    ##  ########  ######   ########  #########  ######  ######
     ##        ##  ##    ##  ##       ##     ## ##     ##       ## ##
     ##       #### ##     ## ######## ########  ##     ##  ######  ########

You're about to initialize a Firebase project in this directory:

  /home/user/astro-butteria

Before we get started, keep in mind:

  * You are initializing within an existing Firebase project directory

[info] 
=== Project Setup
[info] 
[info] First, let's associate this project directory with a Firebase project.
[info] You can create multiple project aliases by running firebase use --add, 
[info] but for now we'll just set up a default project.
[info] 
[debug] [2025-10-07T15:02:16.509Z] Using project from CLI flag: gen-lang-client-0715602475
[debug] [2025-10-07T15:02:16.510Z] Checked if tokens are valid: true, expires at: 1759851485421
[debug] [2025-10-07T15:02:16.510Z] Checked if tokens are valid: true, expires at: 1759851485421
[debug] [2025-10-07T15:02:16.510Z] >>> [apiv2][query] GET https://firebase.googleapis.com/v1beta1/projects/gen-lang-client-0715602475 [none]
[debug] [2025-10-07T15:02:16.751Z] <<< [apiv2][status] GET https://firebase.googleapis.com/v1beta1/projects/gen-lang-client-0715602475 200
[debug] [2025-10-07T15:02:16.752Z] <<< [apiv2][body] GET https://firebase.googleapis.com/v1beta1/projects/gen-lang-client-0715602475 {"projectId":"gen-lang-client-0715602475","projectNumber":"547621264731","displayName":"Lixionary Bakery","name":"projects/gen-lang-client-0715602475","resources":{"hostingSite":"gen-lang-client-0715602475"},"state":"ACTIVE","etag":"1_b321c9a0-ecc8-4129-8621-cd285acdf2d3"}
[info] i  Using project gen-lang-client-0715602475 (Lixionary Bakery) 
[info] 
=== Hosting Setup
[debug] [2025-10-07T15:02:16.782Z] Checked if tokens are valid: true, expires at: 1759851485421
[debug] [2025-10-07T15:02:16.782Z] Checked if tokens are valid: true, expires at: 1759851485421
[debug] [2025-10-07T15:02:16.782Z] >>> [apiv2][query] GET https://firebase.googleapis.com/v1beta1/projects/gen-lang-client-0715602475 [none]
[debug] [2025-10-07T15:02:17.022Z] <<< [apiv2][status] GET https://firebase.googleapis.com/v1beta1/projects/gen-lang-client-0715602475 200
[debug] [2025-10-07T15:02:17.023Z] <<< [apiv2][body] GET https://firebase.googleapis.com/v1beta1/projects/gen-lang-client-0715602475 {"projectId":"gen-lang-client-0715602475","projectNumber":"547621264731","displayName":"Lixionary Bakery","name":"projects/gen-lang-client-0715602475","resources":{"hostingSite":"gen-lang-client-0715602475"},"state":"ACTIVE","etag":"1_b321c9a0-ecc8-4129-8621-cd285acdf2d3"}
[debug] [2025-10-07T15:02:36.107Z] ExitPromptError: User force closed the prompt with SIGINT
    at Interface.sigint (/home/user/.global_modules/lib/node_modules/firebase-tools/node_modules/@inquirer/core/dist/commonjs/lib/create-prompt.js:101:37)
    at Interface.emit (node:events:524:28)
    at Interface.emit (node:domain:489:12)
    at [_ttyWrite] [as _ttyWrite] (node:internal/readline/interface:1125:18)
    at ReadStream.onkeypress (node:internal/readline/interface:264:20)
    at ReadStream.emit (node:events:536:35)
    at ReadStream.emit (node:domain:489:12)
    at emitKeys (node:internal/readline/utils:371:14)
    at emitKeys.next (<anonymous>)
    at ReadStream.onData (node:internal/readline/emitKeypressEvents:64:36)
[error] 
[error] Error: An unexpected error has occurred.
